<?xml version="1.0" encoding="UTF-8"?>
<!-- Generated by org.testng.reporters.JUnitXMLReporter -->
<testsuite ignored="0" hostname="DESKTOP-3OONJHS" failures="0" tests="3" name="Default test" time="8.936" errors="0" timestamp="2024-07-28T07:12:43 AST">
  <testcase classname="swagLabs.TestSwagLabs" name="login" time="0.423"/>
  <testcase classname="swagLabs.TestSwagLabs" name="addToCart" time="3.865"/>
  <testcase classname="swagLabs.TestSwagLabs" name="removeItems" time="3.656"/>
</testsuite> <!-- Default test -->
