<?xml version="1.0" encoding="UTF-8"?>
<testng-results ignored="0" total="3" passed="3" failed="0" skipped="0">
  <reporter-output>
  </reporter-output>
  <suite started-at="2024-07-28T07:12:34 AST" name="Default suite" finished-at="2024-07-28T07:12:43 AST" duration-ms="8936">
    <groups>
    </groups>
    <test started-at="2024-07-28T07:12:34 AST" name="Default test" finished-at="2024-07-28T07:12:43 AST" duration-ms="8936">
      <class name="swagLabs.TestSwagLabs">
        <test-method is-config="true" signature="setup()[pri:0, instance:swagLabs.TestSwagLabs@c7a975a]" started-at="2024-07-28T07:12:34 AST" name="setup" finished-at="2024-07-28T07:12:35 AST" duration-ms="920" status="PASS">
          <reporter-output>
          </reporter-output>
        </test-method> <!-- setup -->
        <test-method signature="login()[pri:1, instance:swagLabs.TestSwagLabs@c7a975a]" started-at="2024-07-28T07:12:35 AST" name="login" finished-at="2024-07-28T07:12:36 AST" duration-ms="423" status="PASS">
          <reporter-output>
          </reporter-output>
        </test-method> <!-- login -->
        <test-method signature="addToCart()[pri:2, instance:swagLabs.TestSwagLabs@c7a975a]" started-at="2024-07-28T07:12:36 AST" name="addToCart" finished-at="2024-07-28T07:12:40 AST" duration-ms="3865" status="PASS">
          <reporter-output>
          </reporter-output>
        </test-method> <!-- addToCart -->
        <test-method signature="removeItems()[pri:3, instance:swagLabs.TestSwagLabs@c7a975a]" started-at="2024-07-28T07:12:40 AST" name="removeItems" finished-at="2024-07-28T07:12:43 AST" duration-ms="3656" status="PASS">
          <reporter-output>
          </reporter-output>
        </test-method> <!-- removeItems -->
      </class> <!-- swagLabs.TestSwagLabs -->
    </test> <!-- Default test -->
  </suite> <!-- Default suite -->
</testng-results>
